2024-11-12 11:35:58,832 - INFO - Starting the Factory Feature program
2024-11-12 11:35:58,832 - INFO - Parsing the project structure
2024-11-12 11:36:24,691 - INFO - Vector database created for the project
2024-11-12 11:36:24,692 - INFO - Resolving project dependencies
2024-11-12 11:36:24,697 - INFO - Dependencies found: dict_keys(['requirements.txt'])
2024-11-12 11:36:24,697 - INFO - Mapping feature request to project components
2024-11-12 11:36:24,785 - INFO - Relevant documents for the feature request: ['project_old/requirements.txt', 'project_old/app.py', 'project_old/utils/helpers.py']
2024-11-12 11:36:24,786 - INFO - Generating the updated project structure
2024-11-12 11:36:24,821 - INFO - Integrating new features into the project
2024-11-12 11:36:24,866 - INFO - Feature integration completed
2024-11-12 11:41:10,561 - INFO - Starting the Factory Feature program
2024-11-12 11:41:31,802 - INFO - Parsing the project structure
2024-11-12 11:41:51,509 - INFO - Vector database created for the project
2024-11-12 11:42:34,674 - INFO - Resolving project dependencies
2024-11-12 11:42:34,680 - INFO - Dependencies found: dict_keys(['requirements.txt'])
2024-11-12 11:43:40,150 - INFO - Mapping feature request to project components
2024-11-12 11:44:00,117 - INFO - Mapping feature request to project components
2024-11-12 11:44:00,234 - INFO - Relevant documents for the feature request: ['project_old/requirements.txt', 'project_old/app.py', 'project_old/utils/helpers.py']
2024-11-12 11:44:56,141 - INFO - Generating the updated project structure
2024-11-12 11:45:20,516 - INFO - Integrating new features into the project
2024-11-12 11:46:10,519 - INFO - Feature integration completed
2024-11-12 14:38:52,630 - INFO - Starting the Factory Feature program
2024-11-12 14:38:56,732 - INFO - Parsing the project structure
2024-11-12 14:38:58,708 - INFO - Vector database created for the project
2024-11-12 14:39:08,331 - INFO - Resolving project dependencies
2024-11-12 14:39:08,339 - INFO - Dependencies found: dict_keys(['requirements.txt'])
2024-11-12 14:39:12,271 - INFO - Mapping feature request to project components
2024-11-12 14:39:12,403 - INFO - Relevant documents for the feature request: ['project_old/requirements.txt', 'project_old/app.py', 'project_old/utils/helpers.py']
2024-11-12 14:39:31,231 - INFO - Generating the updated project structure
2024-11-12 14:39:34,642 - INFO - Integrating new features into the project
2024-11-12 14:39:44,086 - INFO - Feature integration completed
2024-11-21 19:10:31,707 - INFO - Starting the Factory Feature program
2024-11-21 19:10:46,922 - INFO - Parsing the project structure
2024-11-21 19:11:28,786 - INFO - Vector database created for the project
2024-11-21 19:22:38,308 - INFO - Resolving project dependencies
2024-11-21 19:22:38,327 - INFO - Dependencies found: dict_keys(['requirements.txt'])
2024-11-21 19:24:28,292 - INFO - Mapping feature request to project components
2024-11-22 09:52:52,318 - INFO - Starting the Factory Feature program
2024-11-22 09:52:52,326 - INFO - Parsing the project structure
2024-11-22 10:24:23,135 - INFO - Starting the Factory Feature program
2024-11-22 10:24:24,631 - INFO - Parsing the project structure
2024-11-22 10:25:16,427 - INFO - Vector database created for the project
2024-11-22 10:25:29,894 - INFO - Resolving project dependencies
2024-11-22 10:25:29,909 - INFO - Dependencies found: dict_keys(['requirements.txt'])
2024-11-22 10:25:37,899 - INFO - Mapping feature request to project components
2024-11-22 11:11:06,628 - INFO - Starting the Factory Feature program
2024-11-22 11:11:06,638 - INFO - Parsing the project structure
2024-11-22 11:11:36,489 - INFO - Vector database created for the project
2024-11-22 11:11:36,568 - INFO - Resolving project dependencies
2024-11-22 11:11:36,581 - INFO - Dependencies found: dict_keys(['requirements.txt'])
2024-11-22 11:12:58,891 - INFO - Resolving project dependencies
2024-11-22 11:12:58,900 - INFO - Dependencies found: dict_keys(['requirements.txt'])
2024-11-22 11:13:16,367 - INFO - Mapping feature request to project components
2024-11-22 11:15:12,621 - INFO - Performing feature analysis
2024-11-22 11:15:12,622 - INFO - Generating tasks and creating agents
2024-11-22 11:15:12,623 - INFO - Assigning tasks to agents
2024-11-22 11:15:12,624 - INFO - Optimizing task allocation
2024-11-22 11:15:12,624 - INFO - Validating consistency of the project tree
2024-11-22 11:16:48,556 - INFO - Performing feature analysis
2024-11-22 11:29:15,134 - INFO - Starting the Factory Feature program
2024-11-22 11:29:16,723 - INFO - Parsing the project structure
2024-11-22 11:29:44,648 - INFO - Vector database created for the project
2024-11-22 11:29:44,696 - INFO - Resolving project dependencies
2024-11-22 11:29:44,708 - INFO - Dependencies found: dict_keys(['requirements.txt'])
2024-11-22 11:29:46,653 - INFO - Mapping feature request to project components
2024-11-22 11:30:17,736 - INFO - Performing feature analysis
2024-11-22 13:31:44,801 - INFO - Starting the Factory Feature program
2024-11-22 13:31:46,956 - INFO - Parsing the project structure
2024-11-22 13:45:16,098 - INFO - Starting the Factory Feature program
2024-11-22 13:45:18,455 - INFO - Parsing the project structure
2024-11-22 14:01:35,712 - INFO - Starting the Factory Feature program
2024-11-22 14:01:37,464 - INFO - Parsing the project structure
2024-11-22 14:02:24,847 - INFO - Vector database simple created for the project
2024-11-22 14:10:13,555 - INFO - Starting the Factory Feature program
2024-11-22 14:10:14,928 - INFO - Parsing the project structure
2024-11-22 14:31:45,355 - INFO - Resolving project dependencies
2024-11-22 14:31:45,379 - INFO - Dependencies found: dict_keys(['requirements.txt'])
2024-11-22 14:31:47,914 - INFO - Mapping feature request to project components
2024-11-22 14:32:26,855 - INFO - Performing feature analysis
2024-11-22 14:50:24,303 - INFO - Preprocessing results of feature analysis
2024-11-22 15:05:18,081 - INFO - Preprocessing results of feature analysis
2024-11-22 15:08:28,648 - INFO - Preprocessing results of feature analysis
2024-11-25 15:36:24,867 - INFO - Starting the Factory Feature program
2024-11-25 15:36:25,392 - INFO - Parsing the project structure
2024-11-25 15:36:50,744 - INFO - Starting the Factory Feature program
2024-11-25 15:36:53,300 - INFO - Parsing the project structure
2024-11-25 15:37:03,490 - INFO - Starting the Factory Feature program
2024-11-25 15:37:05,407 - INFO - Parsing the project structure
2024-11-25 15:39:17,876 - INFO - Parsing the project structure
2024-11-25 15:44:38,384 - INFO - Starting the Factory Feature program
2024-11-25 15:44:41,753 - INFO - Parsing the project structure
2024-11-25 15:45:57,781 - INFO - Vector database simple created for the project
2024-11-25 15:46:08,893 - INFO - Resolving project dependencies
2024-11-25 15:46:08,911 - INFO - Dependencies found: dict_keys(['requirements.txt'])
2024-11-25 15:46:16,723 - INFO - Resolving project dependencies
2024-11-25 15:46:16,739 - INFO - Dependencies found: dict_keys(['requirements.txt'])
2024-11-25 15:46:19,013 - INFO - Mapping feature request to project components
2024-11-25 15:52:01,630 - INFO - Starting the Factory Feature program
2024-11-25 15:52:03,036 - INFO - Parsing the project structure
2024-11-25 15:52:43,984 - INFO - Vector database simple created for the project
2024-11-25 15:53:06,124 - INFO - Resolving project dependencies
2024-11-25 15:53:06,135 - INFO - Dependencies found: dict_keys(['requirements.txt'])
2024-11-25 15:53:08,051 - INFO - Mapping feature request to project components
2024-11-25 15:54:15,039 - INFO - Performing feature analysis
2024-11-25 15:55:44,760 - INFO - Preprocessing results of feature analysis
2024-11-25 15:55:53,684 - INFO - Preprocessing results request of feature analysis
2024-11-25 16:02:53,676 - INFO - Preprocessing results request of feature analysis
2024-11-25 16:28:04,888 - INFO - The project structure is consistent.
2024-11-25 16:28:11,284 - INFO - Feature integration completed
2024-11-25 16:28:42,925 - INFO - Feature integration completed
2024-11-25 16:31:52,463 - INFO - Starting the Factory Feature program
2024-11-25 16:31:52,480 - INFO - Parsing the project structure
2024-11-25 16:32:23,426 - INFO - Vector database simple created for the project
2024-11-25 16:32:34,774 - INFO - Resolving project dependencies
2024-11-25 16:32:34,784 - INFO - Dependencies found: dict_keys(['requirements.txt'])
2024-11-25 16:32:34,800 - INFO - Mapping feature request to project components
2024-11-25 16:32:39,439 - INFO - Performing feature analysis
2024-11-25 16:34:05,716 - INFO - Preprocessing results of feature analysis
2024-11-25 16:34:13,793 - INFO - Preprocessing results request of feature analysis
2024-11-25 16:34:13,887 - INFO - Preprocessing results request of feature analysis
2024-11-25 16:45:36,538 - INFO - The project structure is consistent.
2024-11-25 16:45:41,449 - INFO - Feature integration completed
2024-11-25 16:45:44,717 - INFO - Feature integration completed
